<?xml version="1.0" encoding="UTF-8"?>
<!-- Generated by org.testng.reporters.JUnitReportReporter -->
<testsuite hostname="Abhishek" failures="0" tests="3" name="com.comcast.crm.contact_Assertion_Test.CreateContactTest" time="40.875" errors="0" timestamp="2024-08-10T14:45:20 IST" skipped="0">
  <testcase classname="com.comcast.crm.contact_Assertion_Test.CreateContactTest" name="createContactWithSupportDate" time="11.154"/>
  <system-out/>
  <testcase classname="com.comcast.crm.contact_Assertion_Test.CreateContactTest" name="createContact" time="10.052"/>
  <system-out/>
  <testcase classname="com.comcast.crm.contact_Assertion_Test.CreateContactTest" name="createContactWithOrgTest" time="19.669"/>
  <system-out/>
</testsuite> <!-- com.comcast.crm.contact_Assertion_Test.CreateContactTest -->
