<?xml version="1.0" encoding="UTF-8"?>
<!-- Generated by org.testng.reporters.JUnitReportReporter -->
<testsuite hostname="Abhishek" failures="0" tests="6" name="com.comcast.crm.org_TestNGAnnotation_Test.CreateOrganization_Annotation_Test" time="63.593" errors="0" timestamp="2024-08-05T10:43:16 IST" skipped="0">
  <testcase classname="com.comcast.crm.org_TestNGAnnotation_Test.CreateOrganization_Annotation_Test" name="createOrganizationWithPhoneNumber" time="11.734"/>
  <system-out/>
  <testcase classname="com.comcast.crm.org_TestNGAnnotation_Test.CreateOrganization_Annotation_Test" name="createOrgWithIndustry" time="10.156"/>
  <system-out/>
  <testcase classname="com.comcast.crm.org_TestNGAnnotation_Test.CreateOrganization_Annotation_Test" name="createOrganization" time="10.496"/>
  <system-out/>
  <testcase classname="com.comcast.crm.org_TestNGAnnotation_Test.CreateOrganization_Annotation_Test" name="createOrgWithIndustry" time="10.911"/>
  <system-out/>
  <testcase classname="com.comcast.crm.org_TestNGAnnotation_Test.CreateOrganization_Annotation_Test" name="createOrganization" time="10.308"/>
  <system-out/>
  <testcase classname="com.comcast.crm.org_TestNGAnnotation_Test.CreateOrganization_Annotation_Test" name="createOrganizationWithPhoneNumber" time="9.988"/>
  <system-out/>
</testsuite> <!-- com.comcast.crm.org_TestNGAnnotation_Test.CreateOrganization_Annotation_Test -->
