<?xml version="1.0" encoding="UTF-8"?>
<!-- Generated by org.testng.reporters.JUnitReportReporter -->
<testsuite hostname="Abhishek" failures="0" tests="1" name="practiceDP.GetAmazonProductInfoTest" time="0.000" errors="0" timestamp="2024-08-02T13:35:35 IST" skipped="1">
  <testcase classname="practiceDP.GetAmazonProductInfoTest" name="getAmazonProductInfoTest" time="0.000">
    <skipped/>
  </testcase> <!-- getAmazonProductInfoTest -->
  <system-out/>
</testsuite> <!-- practiceDP.GetAmazonProductInfoTest -->
