<?xml version="1.0" encoding="UTF-8"?>
<!-- Generated by org.testng.reporters.JUnitReportReporter -->
<testsuite hostname="Abhishek" failures="0" tests="2" name="practiceAnnotation.CreateOrg_Annotation_Test" time="0.011" errors="0" timestamp="2024-08-02T15:13:30 IST" skipped="0">
  <testcase classname="practiceAnnotation.CreateOrg_Annotation_Test" name="createOrgWithIndustry" time="0.003"/>
  <system-out/>
  <testcase classname="practiceAnnotation.CreateOrg_Annotation_Test" name="createOrg" time="0.008"/>
  <system-out/>
</testsuite> <!-- practiceAnnotation.CreateOrg_Annotation_Test -->
